<?xml version="1.0" encoding="UTF-8"?>
<testsuite xmlns:xsi="http://www.w3.org/2001/XMLSchema-instance" xsi:noNamespaceSchemaLocation="https://maven.apache.org/surefire/maven-surefire-plugin/xsd/surefire-test-report-3.0.xsd" version="3.0" name="com.veer.gateway.GatewayIntegrationTests" time="1.894" tests="3" errors="0" skipped="0" failures="0">
  <properties>
[...]
</properties>
  <testcase name="authenticatedRequestToUserRoute_shouldBeProxiedAndAddHeaders" classname="com.veer.gateway.GatewayIntegrationTests" time="0.748">
    <system-out><![CDATA[13:21:26.347 [main] INFO org.springframework.test.context.support.AnnotationConfigContextLoaderUtils -- Could not detect default configuration classes for test class [com.veer.gateway.GatewayIntegrationTests]: GatewayIntegrationTests does not declare any static, non-private, non-final, nested classes annotated with @Configuration.
13:21:26.379 [main] INFO org.springframework.boot.test.context.SpringBootTestContextBootstrapper -- Found @SpringBootConfiguration com.veer.gateway.GatewayApplication for test class com.veer.gateway.GatewayIntegrationTests

  .   ____          _            __ _ _
 /\\ / ___'_ __ _ _(_)_ __  __ _ \ \ \ \
( ( )\___ | '_ | '_| | '_ \/ _` | \ \ \ \
 \\/  ___)| |_)| | | | | || (_| |  ) ) ) )
  '  |____| .__|_| |_|_| |_\__, | / / / /
 =========|_|==============|___/=/_/_/_/
&amp#27;[32m :: Spring Boot :: &amp#27;[39m              &amp#27;[2m (v3.2.4)&amp#27;[0;39m

&amp#27;[2m2025-11-02T13:21:26.587+01:00&amp#27;[0;39m &amp#27;[32m INFO&amp#27;[0;39m &amp#27;[35m48283&amp#27;[0;39m &amp#27;[2m---&amp#27;[0;39m &amp#27;[2m[           main]&amp#27;[0;39m &amp#27;[2m&amp#27;[0;39m&amp#27;[36mc.veer.gateway.GatewayIntegrationTests  &amp#27;[0;39m &amp#27;[2m:&amp#27;[0;39m Starting GatewayIntegrationTests using Java 23.0.2 with PID 48283 (started by flapinski in /Users/flapinski/veer/services/gateway)
&amp#27;[2m2025-11-02T13:21:26.587+01:00&amp#27;[0;39m &amp#27;[32m INFO&amp#27;[0;39m &amp#27;[35m48283&amp#27;[0;39m &amp#27;[2m---&amp#27;[0;39m &amp#27;[2m[           main]&amp#27;[0;39m &amp#27;[2m&amp#27;[0;39m&amp#27;[36mc.veer.gateway.GatewayIntegrationTests  &amp#27;[0;39m &amp#27;[2m:&amp#27;[0;39m No active profile set, falling back to 1 default profile: "default"
&amp#27;[2m2025-11-02T13:21:26.892+01:00&amp#27;[0;39m &amp#27;[32m INFO&amp#27;[0;39m &amp#27;[35m48283&amp#27;[0;39m &amp#27;[2m---&amp#27;[0;39m &amp#27;[2m[           main]&amp#27;[0;39m &amp#27;[2m&amp#27;[0;39m&amp#27;[36mo.s.cloud.context.scope.GenericScope    &amp#27;[0;39m &amp#27;[2m:&amp#27;[0;39m BeanFactory id=2115f9f1-6323-3c35-a1ad-da4ee9485529
&amp#27;[2m2025-11-02T13:21:27.163+01:00&amp#27;[0;39m &amp#27;[32m INFO&amp#27;[0;39m &amp#27;[35m48283&amp#27;[0;39m &amp#27;[2m---&amp#27;[0;39m &amp#27;[2m[           main]&amp#27;[0;39m &amp#27;[2m&amp#27;[0;39m&amp#27;[36mo.s.c.g.r.RouteDefinitionRouteLocator   &amp#27;[0;39m &amp#27;[2m:&amp#27;[0;39m Loaded RoutePredicateFactory [After]
&amp#27;[2m2025-11-02T13:21:27.163+01:00&amp#27;[0;39m &amp#27;[32m INFO&amp#27;[0;39m &amp#27;[35m48283&amp#27;[0;39m &amp#27;[2m---&amp#27;[0;39m &amp#27;[2m[           main]&amp#27;[0;39m &amp#27;[2m&amp#27;[0;39m&amp#27;[36mo.s.c.g.r.RouteDefinitionRouteLocator   &amp#27;[0;39m &amp#27;[2m:&amp#27;[0;39m Loaded RoutePredicateFactory [Before]
&amp#27;[2m2025-11-02T13:21:27.163+01:00&amp#27;[0;39m &amp#27;[32m INFO&amp#27;[0;39m &amp#27;[35m48283&amp#27;[0;39m &amp#27;[2m---&amp#27;[0;39m &amp#27;[2m[           main]&amp#27;[0;39m &amp#27;[2m&amp#27;[0;39m&amp#27;[36mo.s.c.g.r.RouteDefinitionRouteLocator   &amp#27;[0;39m &amp#27;[2m:&amp#27;[0;39m Loaded RoutePredicateFactory [Between]
&amp#27;[2m2025-11-02T13:21:27.163+01:00&amp#27;[0;39m &amp#27;[32m INFO&amp#27;[0;39m &amp#27;[35m48283&amp#27;[0;39m &amp#27;[2m---&amp#27;[0;39m &amp#27;[2m[           main]&amp#27;[0;39m &amp#27;[2m&amp#27;[0;39m&amp#27;[36mo.s.c.g.r.RouteDefinitionRouteLocator   &amp#27;[0;39m &amp#27;[2m:&amp#27;[0;39m Loaded RoutePredicateFactory [Cookie]
&amp#27;[2m2025-11-02T13:21:27.163+01:00&amp#27;[0;39m &amp#27;[32m INFO&amp#27;[0;39m &amp#27;[35m48283&amp#27;[0;39m &amp#27;[2m---&amp#27;[0;39m &amp#27;[2m[           main]&amp#27;[0;39m &amp#27;[2m&amp#27;[0;39m&amp#27;[36mo.s.c.g.r.RouteDefinitionRouteLocator   &amp#27;[0;39m &amp#27;[2m:&amp#27;[0;39m Loaded RoutePredicateFactory [Header]
&amp#27;[2m2025-11-02T13:21:27.163+01:00&amp#27;[0;39m &amp#27;[32m INFO&amp#27;[0;39m &amp#27;[35m48283&amp#27;[0;39m &amp#27;[2m---&amp#27;[0;39m &amp#27;[2m[           main]&amp#27;[0;39m &amp#27;[2m&amp#27;[0;39m&amp#27;[36mo.s.c.g.r.RouteDefinitionRouteLocator   &amp#27;[0;39m &amp#27;[2m:&amp#27;[0;39m Loaded RoutePredicateFactory [Host]
&amp#27;[2m2025-11-02T13:21:27.163+01:00&amp#27;[0;39m &amp#27;[32m INFO&amp#27;[0;39m &amp#27;[35m48283&amp#27;[0;39m &amp#27;[2m---&amp#27;[0;39m &amp#27;[2m[           main]&amp#27;[0;39m &amp#27;[2m&amp#27;[0;39m&amp#27;[36mo.s.c.g.r.RouteDefinitionRouteLocator   &amp#27;[0;39m &amp#27;[2m:&amp#27;[0;39m Loaded RoutePredicateFactory [Method]
&amp#27;[2m2025-11-02T13:21:27.163+01:00&amp#27;[0;39m &amp#27;[32m INFO&amp#27;[0;39m &amp#27;[35m48283&amp#27;[0;39m &amp#27;[2m---&amp#27;[0;39m &amp#27;[2m[           main]&amp#27;[0;39m &amp#27;[2m&amp#27;[0;39m&amp#27;[36mo.s.c.g.r.RouteDefinitionRouteLocator   &amp#27;[0;39m &amp#27;[2m:&amp#27;[0;39m Loaded RoutePredicateFactory [Path]
&amp#27;[2m2025-11-02T13:21:27.163+01:00&amp#27;[0;39m &amp#27;[32m INFO&amp#27;[0;39m &amp#27;[35m48283&amp#27;[0;39m &amp#27;[2m---&amp#27;[0;39m &amp#27;[2m[           main]&amp#27;[0;39m &amp#27;[2m&amp#27;[0;39m&amp#27;[36mo.s.c.g.r.RouteDefinitionRouteLocator   &amp#27;[0;39m &amp#27;[2m:&amp#27;[0;39m Loaded RoutePredicateFactory [Query]
&amp#27;[2m2025-11-02T13:21:27.163+01:00&amp#27;[0;39m &amp#27;[32m INFO&amp#27;[0;39m &amp#27;[35m48283&amp#27;[0;39m &amp#27;[2m---&amp#27;[0;39m &amp#27;[2m[           main]&amp#27;[0;39m &amp#27;[2m&amp#27;[0;39m&amp#27;[36mo.s.c.g.r.RouteDefinitionRouteLocator   &amp#27;[0;39m &amp#27;[2m:&amp#27;[0;39m Loaded RoutePredicateFactory [ReadBody]
&amp#27;[2m2025-11-02T13:21:27.163+01:00&amp#27;[0;39m &amp#27;[32m INFO&amp#27;[0;39m &amp#27;[35m48283&amp#27;[0;39m &amp#27;[2m---&amp#27;[0;39m &amp#27;[2m[           main]&amp#27;[0;39m &amp#27;[2m&amp#27;[0;39m&amp#27;[36mo.s.c.g.r.RouteDefinitionRouteLocator   &amp#27;[0;39m &amp#27;[2m:&amp#27;[0;39m Loaded RoutePredicateFactory [RemoteAddr]
&amp#27;[2m2025-11-02T13:21:27.163+01:00&amp#27;[0;39m &amp#27;[32m INFO&amp#27;[0;39m &amp#27;[35m48283&amp#27;[0;39m &amp#27;[2m---&amp#27;[0;39m &amp#27;[2m[           main]&amp#27;[0;39m &amp#27;[2m&amp#27;[0;39m&amp#27;[36mo.s.c.g.r.RouteDefinitionRouteLocator   &amp#27;[0;39m &amp#27;[2m:&amp#27;[0;39m Loaded RoutePredicateFactory [XForwardedRemoteAddr]
&amp#27;[2m2025-11-02T13:21:27.163+01:00&amp#27;[0;39m &amp#27;[32m INFO&amp#27;[0;39m &amp#27;[35m48283&amp#27;[0;39m &amp#27;[2m---&amp#27;[0;39m &amp#27;[2m[           main]&amp#27;[0;39m &amp#27;[2m&amp#27;[0;39m&amp#27;[36mo.s.c.g.r.RouteDefinitionRouteLocator   &amp#27;[0;39m &amp#27;[2m:&amp#27;[0;39m Loaded RoutePredicateFactory [Weight]
&amp#27;[2m2025-11-02T13:21:27.163+01:00&amp#27;[0;39m &amp#27;[32m INFO&amp#27;[0;39m &amp#27;[35m48283&amp#27;[0;39m &amp#27;[2m---&amp#27;[0;39m &amp#27;[2m[           main]&amp#27;[0;39m &amp#27;[2m&amp#27;[0;39m&amp#27;[36mo.s.c.g.r.RouteDefinitionRouteLocator   &amp#27;[0;39m &amp#27;[2m:&amp#27;[0;39m Loaded RoutePredicateFactory [CloudFoundryRouteService]
&amp#27;[2m2025-11-02T13:21:27.215+01:00&amp#27;[0;39m &amp#27;[32m INFO&amp#27;[0;39m &amp#27;[35m48283&amp#27;[0;39m &amp#27;[2m---&amp#27;[0;39m &amp#27;[2m[           main]&amp#27;[0;39m &amp#27;[2m&amp#27;[0;39m&amp#27;[36mo.s.b.a.e.web.EndpointLinksResolver     &amp#27;[0;39m &amp#27;[2m:&amp#27;[0;39m Exposing 1 endpoint(s) beneath base path '/actuator'
&amp#27;[2m2025-11-02T13:21:27.382+01:00&amp#27;[0;39m &amp#27;[32m INFO&amp#27;[0;39m &amp#27;[35m48283&amp#27;[0;39m &amp#27;[2m---&amp#27;[0;39m &amp#27;[2m[           main]&amp#27;[0;39m &amp#27;[2m&amp#27;[0;39m&amp#27;[36mo.s.b.web.embedded.netty.NettyWebServer &amp#27;[0;39m &amp#27;[2m:&amp#27;[0;39m Netty started on port 49877
&amp#27;[2m2025-11-02T13:21:27.403+01:00&amp#27;[0;39m &amp#27;[32m INFO&amp#27;[0;39m &amp#27;[35m48283&amp#27;[0;39m &amp#27;[2m---&amp#27;[0;39m &amp#27;[2m[           main]&amp#27;[0;39m &amp#27;[2m&amp#27;[0;39m&amp#27;[36mc.veer.gateway.GatewayIntegrationTests  &amp#27;[0;39m &amp#27;[2m:&amp#27;[0;39m Started GatewayIntegrationTests in 0.959 seconds (process running for 1.311)
&amp#27;[2m2025-11-02T13:21:28.010+01:00&amp#27;[0;39m &amp#27;[31mERROR&amp#27;[0;39m &amp#27;[35m48283&amp#27;[0;39m &amp#27;[2m---&amp#27;[0;39m &amp#27;[2m[           main]&amp#27;[0;39m &amp#27;[2m&amp#27;[0;39m&amp#27;[36mi.n.r.d.DnsServerAddressStreamProviders &amp#27;[0;39m &amp#27;[2m:&amp#27;[0;39m Unable to load io.netty.resolver.dns.macos.MacOSDnsServerAddressStreamProvider, fallback to system defaults. This may result in incorrect DNS resolutions on MacOS. Check whether you have a dependency on 'io.netty:netty-resolver-dns-native-macos'. Use DEBUG level to see the full stack: java.lang.UnsatisfiedLinkError: failed to load the required native library
]]></system-out>
    <system-err><![CDATA[WARNING: A Java agent has been loaded dynamically (/Users/flapinski/.m2/repository/net/bytebuddy/byte-buddy-agent/1.14.12/byte-buddy-agent-1.14.12.jar)
WARNING: If a serviceability tool is in use, please run with -XX:+EnableDynamicAgentLoading to hide this warning
WARNING: If a serviceability tool is not in use, please run with -Djdk.instrument.traceUsage for more information
WARNING: Dynamic loading of agents will be disallowed by default in a future release
]]></system-err>
  </testcase>
  <testcase name="requestToAuthRoute_shouldBeProxiedWithoutAuth" classname="com.veer.gateway.GatewayIntegrationTests" time="0.009"/>
  <testcase name="unauthenticatedRequestToUserRoute_shouldReturn401" classname="com.veer.gateway.GatewayIntegrationTests" time="0.006"/>
</testsuite>